# JRE version: OpenJDK Runtime Environment (15.0.2+7) (build 15.0.2+7-27)
# Java VM: OpenJDK 64-Bit Server VM (15.0.2+7-27, mixed mode, sharing, tiered, compressed oops, g1 gc, windows-amd64)
GC Precious Log:
 CPUs: 8 total, 8 available
 Memory: 8108M
 Large Page Support: Disabled
 NUMA Support: Disabled
 Compressed Oops: Enabled (32-bit)
 Heap Region Size: 1M
 Heap Min Capacity: 8M
 Heap Initial Capacity: 128M
 Heap Max Capacity: 2028M
 Pre-touch: Disabled
 Parallel Workers: 8
 Concurrent Workers: 2
 Concurrent Refinement Workers: 8
 Periodic GC: Disabled
Heap:
 garbage-first heap   total 115712K, used 71217K [0x0000000081400000, 0x0000000100000000)
  region size 1024K, 41 young (41984K), 5 survivors (5120K)
 Metaspace       used 66951K, capacity 67677K, committed 67788K, reserved 1107968K
  class space    used 9139K, capacity 9378K, committed 9420K, reserved 1048576K
GC Heap History (20 events):
Event: 3.826 GC heap after
{Heap after GC invocations=15 (full 0):
 garbage-first heap   total 79872K, used 24628K [0x0000000081400000, 0x0000000100000000)
  region size 1024K, 3 young (3072K), 3 survivors (3072K)
 Metaspace       used 33090K, capacity 33599K, committed 33792K, reserved 1079296K
  class space    used 4362K, capacity 4534K, committed 4608K, reserved 1048576K
}
Event: 3.841 GC heap before
{Heap before GC invocations=15 (full 0):
 garbage-first heap   total 79872K, used 63540K [0x0000000081400000, 0x0000000100000000)
  region size 1024K, 42 young (43008K), 3 survivors (3072K)
 Metaspace       used 33090K, capacity 33599K, committed 33792K, reserved 1079296K
  class space    used 4362K, capacity 4534K, committed 4608K, reserved 1048576K
}
Event: 3.843 GC heap after
{Heap after GC invocations=16 (full 0):
 garbage-first heap   total 79872K, used 23598K [0x0000000081400000, 0x0000000100000000)
  region size 1024K, 3 young (3072K), 3 survivors (3072K)
 Metaspace       used 33090K, capacity 33599K, committed 33792K, reserved 1079296K
  class space    used 4362K, capacity 4534K, committed 4608K, reserved 1048576K
}
Event: 4.029 GC heap before
{Heap before GC invocations=16 (full 0):
 garbage-first heap   total 79872K, used 54318K [0x0000000081400000, 0x0000000100000000)
  region size 1024K, 33 young (33792K), 3 survivors (3072K)
 Metaspace       used 35191K, capacity 35714K, committed 35840K, reserved 1081344K
  class space    used 4583K, capacity 4791K, committed 4864K, reserved 1048576K
}
Event: 4.033 GC heap after
{Heap after GC invocations=17 (full 0):
 garbage-first heap   total 79872K, used 24029K [0x0000000081400000, 0x0000000100000000)
  region size 1024K, 4 young (4096K), 4 survivors (4096K)
 Metaspace       used 35191K, capacity 35714K, committed 35840K, reserved 1081344K
  class space    used 4583K, capacity 4791K, committed 4864K, reserved 1048576K
}
Event: 4.346 GC heap before
{Heap before GC invocations=18 (full 0):
 garbage-first heap   total 79872K, used 64989K [0x0000000081400000, 0x0000000100000000)
  region size 1024K, 45 young (46080K), 4 survivors (4096K)
 Metaspace       used 39101K, capacity 39668K, committed 39808K, reserved 1083392K
  class space    used 5015K, capacity 5211K, committed 5248K, reserved 1048576K
}
Event: 4.350 GC heap after
{Heap after GC invocations=19 (full 0):
 garbage-first heap   total 96256K, used 25452K [0x0000000081400000, 0x0000000100000000)
  region size 1024K, 3 young (3072K), 3 survivors (3072K)
 Metaspace       used 39101K, capacity 39668K, committed 39808K, reserved 1083392K
  class space    used 5015K, capacity 5211K, committed 5248K, reserved 1048576K
}
Event: 4.775 GC heap before
{Heap before GC invocations=19 (full 0):
 garbage-first heap   total 96256K, used 79724K [0x0000000081400000, 0x0000000100000000)
  region size 1024K, 56 young (57344K), 3 survivors (3072K)
 Metaspace       used 43990K, capacity 44521K, committed 44800K, reserved 1087488K
  class space    used 5894K, capacity 6080K, committed 6144K, reserved 1048576K
}
Event: 4.779 GC heap after
{Heap after GC invocations=20 (full 0):
 garbage-first heap   total 96256K, used 26542K [0x0000000081400000, 0x0000000100000000)
  region size 1024K, 4 young (4096K), 4 survivors (4096K)
 Metaspace       used 43990K, capacity 44521K, committed 44800K, reserved 1087488K
  class space    used 5894K, capacity 6080K, committed 6144K, reserved 1048576K
}
Event: 5.196 GC heap before
{Heap before GC invocations=20 (full 0):
 garbage-first heap   total 96256K, used 79790K [0x0000000081400000, 0x0000000100000000)
  region size 1024K, 56 young (57344K), 4 survivors (4096K)
 Metaspace       used 48759K, capacity 49356K, committed 49536K, reserved 1091584K
  class space    used 6501K, capacity 6689K, committed 6784K, reserved 1048576K
}
Event: 5.201 GC heap after
{Heap after GC invocations=21 (full 0):
 garbage-first heap   total 96256K, used 27670K [0x0000000081400000, 0x0000000100000000)
  region size 1024K, 5 young (5120K), 5 survivors (5120K)
 Metaspace       used 48759K, capacity 49356K, committed 49536K, reserved 1091584K
  class space    used 6501K, capacity 6689K, committed 6784K, reserved 1048576K
}
Event: 5.665 GC heap before
{Heap before GC invocations=21 (full 0):
 garbage-first heap   total 96256K, used 79894K [0x0000000081400000, 0x0000000100000000)
  region size 1024K, 56 young (57344K), 5 survivors (5120K)
 Metaspace       used 53517K, capacity 54065K, committed 54400K, reserved 1095680K
  class space    used 7269K, capacity 7441K, committed 7552K, reserved 1048576K
}
Event: 5.671 GC heap after
{Heap after GC invocations=22 (full 0):
 garbage-first heap   total 96256K, used 27957K [0x0000000081400000, 0x0000000100000000)
  region size 1024K, 3 young (3072K), 3 survivors (3072K)
 Metaspace       used 53517K, capacity 54065K, committed 54400K, reserved 1095680K
  class space    used 7269K, capacity 7441K, committed 7552K, reserved 1048576K
}
Event: 6.220 GC heap before
{Heap before GC invocations=22 (full 0):
 garbage-first heap   total 96256K, used 81205K [0x0000000081400000, 0x0000000100000000)
  region size 1024K, 55 young (56320K), 3 survivors (3072K)
 Metaspace       used 57241K, capacity 57855K, committed 57984K, reserved 1099776K
  class space    used 7786K, capacity 7975K, committed 8064K, reserved 1048576K
}
Event: 6.226 GC heap after
{Heap after GC invocations=23 (full 0):
 garbage-first heap   total 115712K, used 30720K [0x0000000081400000, 0x0000000100000000)
  region size 1024K, 6 young (6144K), 6 survivors (6144K)
 Metaspace       used 57241K, capacity 57855K, committed 57984K, reserved 1099776K
  class space    used 7786K, capacity 7975K, committed 8064K, reserved 1048576K
}
Event: 6.647 GC heap before
{Heap before GC invocations=23 (full 0):
 garbage-first heap   total 115712K, used 74752K [0x0000000081400000, 0x0000000100000000)
  region size 1024K, 50 young (51200K), 6 survivors (6144K)
 Metaspace       used 59466K, capacity 60098K, committed 60160K, reserved 1101824K
  class space    used 8090K, capacity 8291K, committed 8320K, reserved 1048576K
}
Event: 6.658 GC heap after
{Heap after GC invocations=24 (full 0):
 garbage-first heap   total 115712K, used 32884K [0x0000000081400000, 0x0000000100000000)
  region size 1024K, 7 young (7168K), 7 survivors (7168K)
 Metaspace       used 59466K, capacity 60098K, committed 60160K, reserved 1101824K
  class space    used 8090K, capacity 8291K, committed 8320K, reserved 1048576K
}
Event: 7.541 GC heap before
{Heap before GC invocations=25 (full 0):
 garbage-first heap   total 115712K, used 94324K [0x0000000081400000, 0x0000000100000000)
  region size 1024K, 67 young (68608K), 7 survivors (7168K)
 Metaspace       used 64528K, capacity 65261K, committed 65484K, reserved 1105920K
  class space    used 8830K, capacity 9046K, committed 9164K, reserved 1048576K
}
Event: 7.549 GC heap after
{Heap after GC invocations=26 (full 0):
 garbage-first heap   total 115712K, used 35174K [0x0000000081400000, 0x0000000100000000)
  region size 1024K, 5 young (5120K), 5 survivors (5120K)
 Metaspace       used 64528K, capacity 65261K, committed 65484K, reserved 1105920K
  class space    used 8830K, capacity 9046K, committed 9164K, reserved 1048576K
}
Event: 189.803 GC heap before
{Heap before GC invocations=26 (full 0):
 garbage-first heap   total 115712K, used 69990K [0x0000000081400000, 0x0000000100000000)
  region size 1024K, 41 young (41984K), 5 survivors (5120K)
 Metaspace       used 66951K, capacity 67677K, committed 67788K, reserved 1107968K
  class space    used 9139K, capacity 9378K, committed 9420K, reserved 1048576K
}

